<?xml version="1.0" encoding="UTF-8"?>
<testng-results skipped="0" failed="0" ignored="0" total="1" passed="1">
  <reporter-output>
  </reporter-output>
  <suite name="Default suite" duration-ms="159762" started-at="2019-05-04T20:51:00Z" finished-at="2019-05-04T20:53:40Z">
    <groups>
    </groups>
    <test name="Default test" duration-ms="159762" started-at="2019-05-04T20:51:00Z" finished-at="2019-05-04T20:53:40Z">
      <class name="guru99FirstTask.Task5">
        <test-method status="PASS" signature="f()[pri:0, instance:guru99FirstTask.Task5@100fc185]" name="f" duration-ms="159724" started-at="2019-05-04T20:51:00Z" finished-at="2019-05-04T20:53:40Z">
          <reporter-output>
          </reporter-output>
        </test-method> <!-- f -->
      </class> <!-- guru99FirstTask.Task5 -->
    </test> <!-- Default test -->
  </suite> <!-- Default suite -->
</testng-results>
